<?xml version="1.0" encoding="UTF-8"?>
<!-- Generated by org.testng.reporters.JUnitReportReporter -->
<testsuite hostname="GURU" failures="0" tests="1" name="apitesting.SchedulerForNetBanking" time="0.014" errors="0" timestamp="2023-09-28T11:52:50 IST" skipped="0">
  <testcase classname="apitesting.SchedulerForNetBanking" name="schedulerForAllBanks" time="0.014"/>
  <system-out/>
</testsuite> <!-- apitesting.SchedulerForNetBanking -->
