<?xml version="1.0" encoding="UTF-8"?>
<!-- Generated by org.testng.reporters.JUnitReportReporter -->
<testsuite hostname="GURU" failures="0" tests="1" name="apitesting.TestClass" time="0.009" errors="0" timestamp="2023-09-26T12:09:31 IST" skipped="0">
  <testcase classname="apitesting.TestClass" name="test" time="0.009"/>
  <system-out/>
</testsuite> <!-- apitesting.TestClass -->
