<?xml version="1.0" encoding="UTF-8"?>
<!-- Generated by org.testng.reporters.JUnitReportReporter -->
<testsuite hostname="GURU" failures="0" tests="1" name="apitesting.SndboxCheckOutTest" time="827.673" errors="0" timestamp="2023-10-16T12:45:59 IST" skipped="0">
  <testcase classname="apitesting.SndboxCheckOutTest" name="netBankingTest" time="827.673"/>
  <system-out/>
</testsuite> <!-- apitesting.SndboxCheckOutTest -->
