<?xml version="1.0" encoding="UTF-8"?>
<!-- Generated by org.testng.reporters.JUnitReportReporter -->
<testsuite hostname="GURU" failures="0" tests="1" name="apitesting.CheckOutTest" time="1476.901" errors="0" timestamp="2023-09-29T13:41:13 IST" skipped="0">
  <testcase classname="apitesting.CheckOutTest" name="netBankingTest" time="1476.901"/>
  <system-out/>
</testsuite> <!-- apitesting.CheckOutTest -->
